Protector/TuokeApk/app/build/outputs/logs/manifest-merger-debug-report.txt
-- Merging decision tree log ---
manifest
ADDED from src/main/AndroidManifest.xml:2:1-15:12
INJECTED from src/main/AndroidManifest.xml:2:1-15:12
INJECTED from src/main/AndroidManifest.xml:2:1-15:12
INJECTED from src/main/AndroidManifest.xml:2:1-15:12
INJECTED from src/main/AndroidManifest.xml:2:1-15:12
INJECTED from src/main/AndroidManifest.xml:2:1-15:12
INJECTED from src/main/AndroidManifest.xml:2:1-15:12
	package
		ADDED from src/main/AndroidManifest.xml:3:5-27
		INJECTED from src/main/AndroidManifest.xml
		INJECTED from src/main/AndroidManifest.xml
	android:versionName
		ADDED from src/main/AndroidManifest.xml:5:5-30
		INJECTED from src/main/AndroidManifest.xml
		INJECTED from src/main/AndroidManifest.xml
	xmlns:android
		ADDED from src/main/AndroidManifest.xml:2:11-69
	android:versionCode
		ADDED from src/main/AndroidManifest.xml:4:5-28
		INJECTED from src/main/AndroidManifest.xml
		INJECTED from src/main/AndroidManifest.xml
uses-sdk
ADDED from src/main/AndroidManifest.xml:7:5-17
INJECTED from src/main/AndroidManifest.xml:7:5-17
INJECTED from src/main/AndroidManifest.xml:7:5-17
INJECTED from src/main/AndroidManifest.xml:7:5-17
INJECTED from src/main/AndroidManifest.xml:7:5-17
	android:targetSdkVersion
		INJECTED from src/main/AndroidManifest.xml
		ADDED from src/main/AndroidManifest.xml:7:5-17
		INJECTED from src/main/AndroidManifest.xml
	android:minSdkVersion
		INJECTED from src/main/AndroidManifest.xml
		ADDED from src/main/AndroidManifest.xml:7:5-17
		INJECTED from src/main/AndroidManifest.xml
application
ADDED from src/main/AndroidManifest.xml:9:5-13:19
	android:label
		ADDED from src/main/AndroidManifest.xml:12:9-41
	android:icon
		ADDED from src/main/AndroidManifest.xml:11:9-45
	android:name
		ADDED from src/main/AndroidManifest.xml:10:9-41